2022-09-07 12:36:59.571 +07:00 [INF] App start
2022-09-07 12:37:05.946 +07:00 [ERR] data default EAresBoolSettingName::CrosshairHasOutline not have , value False
2022-09-07 12:37:05.947 +07:00 [ERR] data default EAresStringSettingName::PushToTalkKey not have , value Tilde
2022-09-07 12:37:05.947 +07:00 [ERR] data default EAresStringSettingName::CrosshairADSColor not have , value (R=254,G=0,B=0,A=255)
2022-09-07 12:37:05.947 +07:00 [ERR] data default EAresStringSettingName::CrosshairSniperCenterDotColor not have , value (R=254,G=255,B=255,A=255)
2022-09-07 12:37:05.953 +07:00 [INF] imput Complex
2022-09-07 12:37:18.905 +07:00 [ERR] data default EAresStringSettingName::CrosshairColor not have , value (R=0,G=255,B=255,A=255)
2022-09-07 12:37:18.910 +07:00 [INF] imput Complex
2022-09-07 12:38:55.228 +07:00 [INF] App start
2022-09-07 19:39:17.525 +07:00 [INF] App start
2022-09-07 19:39:37.317 +07:00 [ERR] data default EAresBoolSettingName::CrosshairHasOutline not have , value False
2022-09-07 19:39:37.318 +07:00 [ERR] data default EAresStringSettingName::PushToTalkKey not have , value Tilde
2022-09-07 19:39:37.318 +07:00 [ERR] data default EAresStringSettingName::CrosshairADSColor not have , value (R=254,G=0,B=0,A=255)
2022-09-07 19:39:37.318 +07:00 [ERR] data default EAresStringSettingName::CrosshairSniperCenterDotColor not have , value (R=254,G=255,B=255,A=255)
2022-09-07 19:45:14.480 +07:00 [INF] App start
2022-09-07 19:45:58.670 +07:00 [INF] App start
2022-09-07 19:46:34.726 +07:00 [INF] App start
2022-09-07 19:47:37.374 +07:00 [INF] App start
2022-09-07 19:49:34.476 +07:00 [INF] App start
2022-09-07 20:03:35.564 +07:00 [INF] App start
2022-09-07 20:04:13.756 +07:00 [INF] App start
2022-09-07 20:05:42.928 +07:00 [INF] App start
2022-09-07 20:07:21.957 +07:00 [INF] App start
2022-09-07 20:07:22.959 +07:00 [INF] set data complex:
2022-09-07 20:43:06.206 +07:00 [INF] App start
2022-09-07 20:43:16.127 +07:00 [INF] App start
2022-09-07 20:43:16.681 +07:00 [INF] set data complex:
2022-09-07 20:43:23.555 +07:00 [ERR] data default EAresBoolSettingName::HoldInputForSniperScopes not have , value True
2022-09-07 20:43:23.555 +07:00 [ERR] data default EAresBoolSettingName::ShowSpecatedPlayerCrosshair not have , value False
2022-09-07 20:43:23.555 +07:00 [ERR] data default EAresFloatSettingName::CrosshairInnerLinesLineThickness not have , value 1
2022-09-07 20:43:23.555 +07:00 [ERR] data default EAresFloatSettingName::CrosshairOuterLinesLineThickness not have , value 1
2022-09-07 20:43:23.555 +07:00 [ERR] data default EAresFloatSettingName::CrosshairOuterLinesFiringErrorScale not have , value 0.2
2022-09-07 20:43:23.555 +07:00 [ERR] data default EAresFloatSettingName::CrosshairOuterLinesMovementErrorScale not have , value 0.1
2022-09-07 20:43:23.555 +07:00 [ERR] data default EAresStringSettingName::PushToTalkKey not have , value Tilde
2022-09-07 20:43:23.555 +07:00 [ERR] data default EAresStringSettingName::CrosshairColor not have , value (R=255,G=255,B=0,A=255)
2022-09-07 20:43:23.555 +07:00 [ERR] data default EAresStringSettingName::CrosshairSniperCenterDotColor not have , value (R=255,G=255,B=255,A=255)
2022-09-07 20:43:23.558 +07:00 [INF] set data complex:
2022-09-07 20:43:23.560 +07:00 [INF] imput Complex
2022-09-07 21:43:09.779 +07:00 [INF] App start
2022-09-07 21:43:14.225 +07:00 [INF] App start
2022-09-07 21:43:22.105 +07:00 [INF] App start
2022-09-07 21:52:46.984 +07:00 [INF] App start
2022-09-07 21:52:48.508 +07:00 [INF] set data complex:
2022-09-07 21:53:38.885 +07:00 [INF] App start
2022-09-07 21:53:39.651 +07:00 [INF] set data complex:
2022-09-07 21:54:21.487 +07:00 [INF] App start
2022-09-07 21:54:22.446 +07:00 [INF] set data complex:
2022-09-07 21:54:49.931 +07:00 [INF] App start
2022-09-07 21:54:50.957 +07:00 [INF] set data complex:
2022-09-07 21:54:59.448 +07:00 [INF] App start
2022-09-07 21:55:31.544 +07:00 [INF] App start
2022-09-07 21:56:24.713 +07:00 [INF] App start
2022-09-07 21:56:32.741 +07:00 [INF] App start
2022-09-07 21:57:28.742 +07:00 [INF] App start
2022-09-07 21:58:43.050 +07:00 [INF] App start
2022-09-07 22:00:39.125 +07:00 [INF] App start
2022-09-07 22:13:50.325 +07:00 [INF] App start
2022-09-07 22:17:34.442 +07:00 [INF] App start
2022-09-07 22:17:35.637 +07:00 [INF] set data complex:
2022-09-07 22:18:05.321 +07:00 [INF] App start
2022-09-07 22:18:06.506 +07:00 [INF] set data complex:
2022-09-07 22:18:48.967 +07:00 [INF] App start
2022-09-07 22:18:50.175 +07:00 [INF] set data complex:
2022-09-07 22:19:14.966 +07:00 [INF] App start
2022-09-07 22:19:16.154 +07:00 [INF] set data complex:
2022-09-07 22:19:38.154 +07:00 [INF] App start
2022-09-07 22:21:40.490 +07:00 [INF] App start
2022-09-07 22:22:04.150 +07:00 [INF] App start
2022-09-07 22:22:21.284 +07:00 [INF] set data complex:
2022-09-07 22:26:13.553 +07:00 [INF] App start
2022-09-07 22:26:14.558 +07:00 [INF] set data complex:
2022-09-07 22:30:13.581 +07:00 [INF] App start
2022-09-07 22:30:14.579 +07:00 [INF] set data complex:
2022-09-07 22:31:05.798 +07:00 [INF] App start
2022-09-07 22:31:06.790 +07:00 [INF] set data complex:
2022-09-07 22:31:20.599 +07:00 [INF] App start
2022-09-07 22:31:21.597 +07:00 [INF] set data complex:
2022-09-07 22:32:36.748 +07:00 [INF] App start
2022-09-07 22:32:37.765 +07:00 [INF] set data complex:
2022-09-07 22:34:33.913 +07:00 [INF] App start
2022-09-07 22:34:34.930 +07:00 [INF] set data complex:
2022-09-07 22:35:20.720 +07:00 [INF] App start
2022-09-07 22:35:52.097 +07:00 [INF] App start
2022-09-07 22:35:53.107 +07:00 [INF] set data complex:
2022-09-07 22:36:35.750 +07:00 [INF] App start
2022-09-07 22:36:36.769 +07:00 [INF] set data complex:
2022-09-07 22:37:56.394 +07:00 [INF] App start
2022-09-07 22:37:57.470 +07:00 [INF] set data complex:
2022-09-07 22:41:32.180 +07:00 [INF] App start
2022-09-07 22:41:33.200 +07:00 [INF] set data complex:
2022-09-07 22:41:59.133 +07:00 [INF] App start
2022-09-07 22:42:41.988 +07:00 [INF] App start
2022-09-07 22:43:23.647 +07:00 [INF] App start
2022-09-07 22:44:08.110 +07:00 [INF] set data complex:
2022-09-07 22:44:22.892 +07:00 [INF] App start
2022-09-07 22:44:23.887 +07:00 [INF] set data complex:
2022-09-07 22:51:53.874 +07:00 [INF] App start
2022-09-07 22:51:55.078 +07:00 [INF] set data complex:
2022-09-07 22:52:33.514 +07:00 [INF] App start
2022-09-07 22:52:34.665 +07:00 [INF] set data complex:
2022-09-07 22:53:36.325 +07:00 [INF] App start
2022-09-07 22:53:37.457 +07:00 [INF] set data complex:
