2022-09-09 12:24:19.485 +07:00 [INF] App start
2022-09-09 12:24:55.198 +07:00 [INF] set data complex:
2022-09-09 12:25:02.276 +07:00 [ERR] data default EAresBoolSettingName::CrosshairADSDisplayCenterDot not have , value True
2022-09-09 12:25:02.276 +07:00 [ERR] data default EAresBoolSettingName::CrosshairADSInnerLinesShowShootingError not have , value False
2022-09-09 12:25:02.276 +07:00 [ERR] data default EAresBoolSettingName::CrosshairADSInnerLinesShowLines not have , value False
2022-09-09 12:25:02.276 +07:00 [ERR] data default EAresBoolSettingName::CrosshairADSOuterLinesShowMovementError not have , value False
2022-09-09 12:25:02.276 +07:00 [ERR] data default EAresBoolSettingName::CrosshairADSOuterLinesShowShootingError not have , value False
2022-09-09 12:25:02.276 +07:00 [ERR] data default EAresBoolSettingName::CrosshairADSOuterLinesShowLines not have , value False
2022-09-09 12:25:02.277 +07:00 [ERR] data default EAresFloatSettingName::CrosshairOuterLinesLineThickness not have , value 1
2022-09-09 12:25:02.277 +07:00 [ERR] data default EAresFloatSettingName::CrosshairADSOutlineOpacity not have , value 1
2022-09-09 12:25:02.277 +07:00 [ERR] data default EAresFloatSettingName::CrosshairADSCenterDotSize not have , value 1
2022-09-09 12:25:02.277 +07:00 [ERR] data default EAresFloatSettingName::CrosshairADSInnerLinesLineLength not have , value 1
2022-09-09 12:25:02.277 +07:00 [ERR] data default EAresFloatSettingName::CrosshairADSInnerLinesLineOffset not have , value 0
2022-09-09 12:25:02.277 +07:00 [ERR] data default EAresFloatSettingName::CrosshairADSInnerLinesOpacity not have , value 1
2022-09-09 12:25:02.277 +07:00 [ERR] data default EAresFloatSettingName::CrosshairADSOuterLinesMovementErrorScale not have , value 1.9520695
2022-09-09 12:25:02.277 +07:00 [ERR] data default EAresStringSettingName::LastSeenSeasonalPopup not have , value episode5act2
2022-09-09 12:25:02.277 +07:00 [ERR] data default EAresStringSettingName::CrosshairColor not have , value (R=0,G=255,B=255,A=255)
2022-09-09 12:25:02.277 +07:00 [ERR] data default EAresStringSettingName::CrosshairOutlineColor not have , value (R=255,G=255,B=255,A=255)
2022-09-09 12:25:02.287 +07:00 [INF] set data complex:
2022-09-09 12:25:02.291 +07:00 [INF] imput Complex
2022-09-09 12:25:38.476 +07:00 [INF] App start
2022-09-09 12:25:39.489 +07:00 [INF] set data complex:
2022-09-09 12:25:44.683 +07:00 [ERR] data default EAresBoolSettingName::CrosshairADSDisplayCenterDot not have , value True
2022-09-09 12:25:44.684 +07:00 [ERR] data default EAresBoolSettingName::CrosshairADSInnerLinesShowShootingError not have , value False
2022-09-09 12:25:44.684 +07:00 [ERR] data default EAresBoolSettingName::CrosshairADSInnerLinesShowLines not have , value False
2022-09-09 12:25:44.684 +07:00 [ERR] data default EAresBoolSettingName::CrosshairADSOuterLinesShowMovementError not have , value False
2022-09-09 12:25:44.684 +07:00 [ERR] data default EAresBoolSettingName::CrosshairADSOuterLinesShowShootingError not have , value False
2022-09-09 12:25:44.684 +07:00 [ERR] data default EAresBoolSettingName::CrosshairADSOuterLinesShowLines not have , value False
2022-09-09 12:25:44.684 +07:00 [ERR] data default EAresFloatSettingName::CrosshairOuterLinesLineThickness not have , value 1
2022-09-09 12:25:44.684 +07:00 [ERR] data default EAresFloatSettingName::CrosshairADSOutlineOpacity not have , value 1
2022-09-09 12:25:44.684 +07:00 [ERR] data default EAresFloatSettingName::CrosshairADSCenterDotSize not have , value 1
2022-09-09 12:25:44.684 +07:00 [ERR] data default EAresFloatSettingName::CrosshairADSInnerLinesLineLength not have , value 1
2022-09-09 12:25:44.684 +07:00 [ERR] data default EAresFloatSettingName::CrosshairADSInnerLinesLineOffset not have , value 0
2022-09-09 12:25:44.684 +07:00 [ERR] data default EAresFloatSettingName::CrosshairADSInnerLinesOpacity not have , value 1
2022-09-09 12:25:44.684 +07:00 [ERR] data default EAresFloatSettingName::CrosshairADSOuterLinesMovementErrorScale not have , value 1.9520695
2022-09-09 12:25:44.684 +07:00 [ERR] data default EAresStringSettingName::LastSeenSeasonalPopup not have , value episode5act2
2022-09-09 12:25:44.684 +07:00 [ERR] data default EAresStringSettingName::CrosshairColor not have , value (R=0,G=255,B=255,A=255)
2022-09-09 12:25:44.684 +07:00 [ERR] data default EAresStringSettingName::CrosshairOutlineColor not have , value (R=255,G=255,B=255,A=255)
2022-09-09 12:25:44.697 +07:00 [INF] set data complex:
2022-09-09 12:25:44.700 +07:00 [INF] imput Complex
2022-09-09 12:25:57.122 +07:00 [ERR] data default EAresStringSettingName::LastSeenSeasonalPopup not have , value episode5act2
2022-09-09 12:25:57.122 +07:00 [ERR] data default EAresStringSettingName::CrosshairColor not have , value (R=0,G=255,B=255,A=255)
2022-09-09 12:26:36.292 +07:00 [INF] App start
2022-09-09 12:26:37.314 +07:00 [INF] set data complex:
2022-09-09 12:26:43.418 +07:00 [ERR] data default EAresBoolSettingName::CrosshairADSDisplayCenterDot not have , value True
2022-09-09 12:26:43.418 +07:00 [ERR] data default EAresBoolSettingName::CrosshairADSInnerLinesShowShootingError not have , value False
2022-09-09 12:26:43.418 +07:00 [ERR] data default EAresBoolSettingName::CrosshairADSInnerLinesShowLines not have , value False
2022-09-09 12:26:43.418 +07:00 [ERR] data default EAresBoolSettingName::CrosshairADSOuterLinesShowMovementError not have , value False
2022-09-09 12:26:43.418 +07:00 [ERR] data default EAresBoolSettingName::CrosshairADSOuterLinesShowShootingError not have , value False
2022-09-09 12:26:43.418 +07:00 [ERR] data default EAresBoolSettingName::CrosshairADSOuterLinesShowLines not have , value False
2022-09-09 12:26:43.419 +07:00 [ERR] data default EAresFloatSettingName::CrosshairOuterLinesLineThickness not have , value 1
2022-09-09 12:26:43.419 +07:00 [ERR] data default EAresFloatSettingName::CrosshairADSOutlineOpacity not have , value 1
2022-09-09 12:26:43.419 +07:00 [ERR] data default EAresFloatSettingName::CrosshairADSCenterDotSize not have , value 1
2022-09-09 12:26:43.419 +07:00 [ERR] data default EAresFloatSettingName::CrosshairADSInnerLinesLineLength not have , value 1
2022-09-09 12:26:43.419 +07:00 [ERR] data default EAresFloatSettingName::CrosshairADSInnerLinesLineOffset not have , value 0
2022-09-09 12:26:43.419 +07:00 [ERR] data default EAresFloatSettingName::CrosshairADSInnerLinesOpacity not have , value 1
2022-09-09 12:26:43.419 +07:00 [ERR] data default EAresFloatSettingName::CrosshairADSOuterLinesMovementErrorScale not have , value 1.9520695
2022-09-09 12:26:43.419 +07:00 [ERR] data default EAresStringSettingName::LastSeenSeasonalPopup not have , value episode5act2
2022-09-09 12:26:43.419 +07:00 [ERR] data default EAresStringSettingName::CrosshairColor not have , value (R=0,G=255,B=255,A=255)
2022-09-09 12:26:43.419 +07:00 [ERR] data default EAresStringSettingName::CrosshairOutlineColor not have , value (R=255,G=255,B=255,A=255)
2022-09-09 12:26:43.428 +07:00 [INF] set data complex:
2022-09-09 12:26:43.431 +07:00 [INF] imput Complex
2022-09-09 12:26:51.297 +07:00 [ERR] data default EAresStringSettingName::LastSeenSeasonalPopup not have , value episode5act2
2022-09-09 12:26:51.297 +07:00 [ERR] data default EAresStringSettingName::CrosshairColor not have , value (R=0,G=255,B=255,A=255)
2022-09-09 12:26:51.377 +07:00 [INF] set data complex:
2022-09-09 12:26:51.380 +07:00 [INF] imput Complex
2022-09-09 12:26:55.053 +07:00 [ERR] data default EAresBoolSettingName::CrosshairADSDisplayCenterDot not have , value True
2022-09-09 12:26:55.053 +07:00 [ERR] data default EAresBoolSettingName::CrosshairADSInnerLinesShowShootingError not have , value False
2022-09-09 12:26:55.053 +07:00 [ERR] data default EAresBoolSettingName::CrosshairADSInnerLinesShowLines not have , value False
2022-09-09 12:26:55.053 +07:00 [ERR] data default EAresBoolSettingName::CrosshairADSOuterLinesShowMovementError not have , value False
2022-09-09 12:26:55.053 +07:00 [ERR] data default EAresBoolSettingName::CrosshairADSOuterLinesShowShootingError not have , value False
2022-09-09 12:26:55.053 +07:00 [ERR] data default EAresBoolSettingName::CrosshairADSOuterLinesShowLines not have , value False
2022-09-09 12:26:55.054 +07:00 [ERR] data default EAresFloatSettingName::CrosshairOuterLinesLineThickness not have , value 1
2022-09-09 12:26:55.054 +07:00 [ERR] data default EAresFloatSettingName::CrosshairADSOutlineOpacity not have , value 1
2022-09-09 12:26:55.054 +07:00 [ERR] data default EAresFloatSettingName::CrosshairADSCenterDotSize not have , value 1
2022-09-09 12:26:55.054 +07:00 [ERR] data default EAresFloatSettingName::CrosshairADSInnerLinesLineLength not have , value 1
2022-09-09 12:26:55.054 +07:00 [ERR] data default EAresFloatSettingName::CrosshairADSInnerLinesLineOffset not have , value 0
2022-09-09 12:26:55.054 +07:00 [ERR] data default EAresFloatSettingName::CrosshairADSInnerLinesOpacity not have , value 1
2022-09-09 12:26:55.054 +07:00 [ERR] data default EAresFloatSettingName::CrosshairADSOuterLinesMovementErrorScale not have , value 1.9520695
2022-09-09 12:26:55.054 +07:00 [ERR] data default EAresStringSettingName::LastSeenSeasonalPopup not have , value episode5act2
2022-09-09 12:26:55.054 +07:00 [ERR] data default EAresStringSettingName::CrosshairColor not have , value (R=0,G=255,B=255,A=255)
2022-09-09 12:26:55.054 +07:00 [ERR] data default EAresStringSettingName::CrosshairOutlineColor not have , value (R=255,G=255,B=255,A=255)
2022-09-09 12:26:55.062 +07:00 [INF] set data complex:
2022-09-09 12:26:55.064 +07:00 [INF] imput Complex
2022-09-09 22:26:40.738 +07:00 [INF] App start
2022-09-09 22:26:41.538 +07:00 [INF] set data complex:
2022-09-09 22:26:46.291 +07:00 [ERR] data default EAresBoolSettingName::HoldInputForSniperScopes not have , value True
2022-09-09 22:26:46.291 +07:00 [ERR] data default EAresBoolSettingName::ShowSpecatedPlayerCrosshair not have , value False
2022-09-09 22:26:46.292 +07:00 [ERR] data default EAresFloatSettingName::CrosshairInnerLinesLineThickness not have , value 1
2022-09-09 22:26:46.292 +07:00 [ERR] data default EAresFloatSettingName::CrosshairOuterLinesLineThickness not have , value 1
2022-09-09 22:26:46.292 +07:00 [ERR] data default EAresFloatSettingName::CrosshairOuterLinesFiringErrorScale not have , value 0.2
2022-09-09 22:26:46.292 +07:00 [ERR] data default EAresFloatSettingName::CrosshairOuterLinesMovementErrorScale not have , value 0.1
2022-09-09 22:26:46.292 +07:00 [ERR] data default EAresStringSettingName::LastSeenSeasonalPopup not have , value episode5act2
2022-09-09 22:26:46.292 +07:00 [ERR] data default EAresStringSettingName::CrosshairColor not have , value (R=255,G=255,B=0,A=255)
2022-09-09 22:26:46.307 +07:00 [INF] set data complex:
2022-09-09 22:26:46.310 +07:00 [INF] imput Complex
